<?xml version="1.0" encoding="UTF-8"?>
<!-- Generated by org.testng.reporters.JUnitReportReporter -->
<testsuite skipped="0" hostname="HYDVMIOAMMANRR1" name="Post_Request" tests="1" failures="0" timestamp="07 Nov 2019 07:44:35 GMT" time="3.178" errors="0">
  <testcase name="RegisteredSuccesful" time="3.178" classname="Post_Request"/>
</testsuite> <!-- Post_Request -->
