<?xml version="1.0" encoding="UTF-8"?>
<!-- Generated by org.testng.reporters.JUnitReportReporter -->
<testsuite skipped="0" hostname="HYDVMIOAMMANRR1" name="com_edl_uat_api_testcases.TC006_shareclasses_id" tests="3" failures="0" timestamp="05 Dec 2019 09:11:16 GMT" time="3.032" errors="0">
  <testcase name="checkStatusCode" time="0.001" classname="com_edl_uat_api_testcases.TC006_shareclasses_id"/>
  <testcase name="checkResponseBody" time="0.015" classname="com_edl_uat_api_testcases.TC006_shareclasses_id"/>
  <testcase name="ExtractallData" time="3.016" classname="com_edl_uat_api_testcases.TC006_shareclasses_id"/>
</testsuite> <!-- com_edl_uat_api_testcases.TC006_shareclasses_id -->
