<?xml version="1.0" encoding="UTF-8"?>
<!-- Generated by org.testng.reporters.JUnitReportReporter -->
<testsuite skipped="0" hostname="HYDVMIOAMMANRR1" name="com_edl_api_testcases.TC001_accounts_id" tests="3" failures="0" timestamp="04 Dec 2019 11:17:37 GMT" time="0.011" errors="0">
  <testcase name="checkResponseBody" time="0.001" classname="com_edl_api_testcases.TC001_accounts_id"/>
  <testcase name="checkStatusCode" time="0.001" classname="com_edl_api_testcases.TC001_accounts_id"/>
  <testcase name="ExtractallData" time="0.009" classname="com_edl_api_testcases.TC001_accounts_id"/>
</testsuite> <!-- com_edl_api_testcases.TC001_accounts_id -->
