<?xml version="1.0" encoding="UTF-8"?>
<!-- Generated by org.testng.reporters.JUnitReportReporter -->
<testsuite skipped="0" hostname="HYDVMIOAMMANRR1" name="com_edl_api_testcases.TC002_accounts_id_weightedholdings" tests="3" failures="0" timestamp="04 Dec 2019 11:17:37 GMT" time="0.026" errors="0">
  <testcase name="checkResponseBody" time="0.001" classname="com_edl_api_testcases.TC002_accounts_id_weightedholdings"/>
  <testcase name="ExtractallData" time="0.021" classname="com_edl_api_testcases.TC002_accounts_id_weightedholdings"/>
  <testcase name="checkStatusCode" time="0.004" classname="com_edl_api_testcases.TC002_accounts_id_weightedholdings"/>
</testsuite> <!-- com_edl_api_testcases.TC002_accounts_id_weightedholdings -->
