<?xml version="1.0" encoding="UTF-8"?>
<!-- Generated by org.testng.reporters.JUnitReportReporter -->
<testsuite skipped="0" hostname="HYDVMIOAMMANRR1" name="GET_Request4" tests="1" failures="0" timestamp="11 Nov 2019 14:38:57 GMT" time="4.590" errors="0">
  <testcase name="GET_WeatherDetails" time="4.590" classname="GET_Request4"/>
</testsuite> <!-- GET_Request4 -->
