<?xml version="1.0" encoding="UTF-8"?>
<!-- Generated by org.testng.reporters.JUnitReportReporter -->
<testsuite skipped="0" hostname="HYDVMIOAMMANRR1" name="com_edl_uat_api_testcases.TC000_Token_Generation" tests="1" failures="0" timestamp="10 Dec 2019 08:02:38 GMT" time="6.401" errors="0">
  <testcase name="RegisteredSuccesful" time="6.401" classname="com_edl_uat_api_testcases.TC000_Token_Generation"/>
</testsuite> <!-- com_edl_uat_api_testcases.TC000_Token_Generation -->
