<?xml version="1.0" encoding="UTF-8"?>
<!-- Generated by org.testng.reporters.JUnitReportReporter -->
<testsuite skipped="0" hostname="HYDVMIOAMMANRR1" name="GET_Request2" tests="1" failures="0" timestamp="07 Nov 2019 15:29:40 GMT" time="6.047" errors="0">
  <testcase name="GET_WeatherDetails" time="6.047" classname="GET_Request2"/>
</testsuite> <!-- GET_Request2 -->
