<?xml version="1.0" encoding="UTF-8"?>
<!-- Generated by org.testng.reporters.JUnitReportReporter -->
<testsuite skipped="0" hostname="HYDVMIOAMMANRR1" name="com_edl_uat_api_testcases.TC001_accounts_id" tests="3" failures="0" timestamp="12 Dec 2019 10:05:46 GMT" time="0.047" errors="0">
  <testcase name="ExtractallData" time="0.042" classname="com_edl_uat_api_testcases.TC001_accounts_id"/>
  <testcase name="checkResponseBody" time="0.002" classname="com_edl_uat_api_testcases.TC001_accounts_id"/>
  <testcase name="checkStatusCode" time="0.003" classname="com_edl_uat_api_testcases.TC001_accounts_id"/>
</testsuite> <!-- com_edl_uat_api_testcases.TC001_accounts_id -->
