<?xml version="1.0" encoding="UTF-8"?>
<!-- Generated by org.testng.reporters.JUnitReportReporter -->
<testsuite skipped="0" hostname="HYDVMIOAMMANRR1" name="com_edl_uat_api_testcases.TC001_accounts_id" tests="3" failures="0" timestamp="04 Dec 2019 15:03:28 GMT" time="0.007" errors="0">
  <testcase name="checkResponseBody" time="0.001" classname="com_edl_uat_api_testcases.TC001_accounts_id"/>
  <testcase name="checkStatusCode" time="0.000" classname="com_edl_uat_api_testcases.TC001_accounts_id"/>
  <testcase name="ExtractallData" time="0.006" classname="com_edl_uat_api_testcases.TC001_accounts_id"/>
</testsuite> <!-- com_edl_uat_api_testcases.TC001_accounts_id -->
