<?xml version="1.0" encoding="UTF-8"?>
<!-- Generated by org.testng.reporters.JUnitReportReporter -->
<testsuite skipped="0" hostname="HYDVMIOAMMANRR1" name="GET_Request1" tests="1" failures="0" timestamp="07 Nov 2019 15:15:38 GMT" time="6.385" errors="0">
  <testcase name="googlemap" time="6.385" classname="GET_Request1"/>
</testsuite> <!-- GET_Request1 -->
