<?xml version="1.0" encoding="UTF-8"?>
<!-- Generated by org.testng.reporters.JUnitReportReporter -->
<testsuite skipped="0" hostname="HYDVMIOAMMANRR1" name="ShareClass_GET_Request" tests="1" failures="0" timestamp="06 Nov 2019 14:10:20 GMT" time="9.208" errors="0">
  <testcase name="getshareclassdetails" time="9.208" classname="ShareClass_GET_Request"/>
</testsuite> <!-- ShareClass_GET_Request -->
