<?xml version="1.0" encoding="UTF-8"?>
<!-- Generated by org.testng.reporters.JUnitReportReporter -->
<testsuite skipped="3" hostname="HYDVMIOAMMANRR1" name="com_edl_uat_api_testcases.TC0012_shareclasses_id_rankings" tests="4" failures="0" timestamp="04 Dec 2019 15:03:28 GMT" time="74.505" errors="1">
  <testcase name="checkResponseBody" time="0.000" classname="com_edl_uat_api_testcases.TC0012_shareclasses_id_rankings">
    <skipped/>
  </testcase> <!-- checkResponseBody -->
  <testcase name="ExtractallData" time="0.000" classname="com_edl_uat_api_testcases.TC0012_shareclasses_id_rankings">
    <skipped/>
  </testcase> <!-- ExtractallData -->
  <testcase name="checkStatusCode" time="0.000" classname="com_edl_uat_api_testcases.TC0012_shareclasses_id_rankings">
    <skipped/>
  </testcase> <!-- checkStatusCode -->
  <testcase name="shareclasses_id_rankings" time="74.505" classname="com_edl_uat_api_testcases.TC0012_shareclasses_id_rankings">
    <error type="java.lang.NullPointerException">
      <![CDATA[java.lang.NullPointerException
at Lib.XLUtil.getCellData(XLUtil.java:88)
at com_edl_uat_api_testcases.TC0012_shareclasses_id_rankings.shareclasses_id_rankings(TC0012_shareclasses_id_rankings.java:34)
at sun.reflect.NativeMethodAccessorImpl.invoke0(Native Method)
at sun.reflect.NativeMethodAccessorImpl.invoke(Unknown Source)
at sun.reflect.DelegatingMethodAccessorImpl.invoke(Unknown Source)
at java.lang.reflect.Method.invoke(Unknown Source)
at org.testng.internal.MethodInvocationHelper.invokeMethod(MethodInvocationHelper.java:124)
at org.testng.internal.MethodInvocationHelper.invokeMethodConsideringTimeout(MethodInvocationHelper.java:59)
at org.testng.internal.Invoker.invokeConfigurationMethod(Invoker.java:455)
at org.testng.internal.Invoker.invokeConfigurations(Invoker.java:222)
at org.testng.internal.Invoker.invokeConfigurations(Invoker.java:142)
at org.testng.internal.TestMethodWorker.invokeBeforeClassMethods(TestMethodWorker.java:168)
at org.testng.internal.TestMethodWorker.run(TestMethodWorker.java:105)
at org.testng.TestRunner.privateRun(TestRunner.java:648)
at org.testng.TestRunner.run(TestRunner.java:505)
at org.testng.SuiteRunner.runTest(SuiteRunner.java:455)
at org.testng.SuiteRunner.runSequentially(SuiteRunner.java:450)
at org.testng.SuiteRunner.privateRun(SuiteRunner.java:415)
at org.testng.SuiteRunner.run(SuiteRunner.java:364)
at org.testng.SuiteRunnerWorker.runSuite(SuiteRunnerWorker.java:52)
at org.testng.SuiteRunnerWorker.run(SuiteRunnerWorker.java:84)
at org.testng.TestNG.runSuitesSequentially(TestNG.java:1208)
at org.testng.TestNG.runSuitesLocally(TestNG.java:1137)
at org.testng.TestNG.runSuites(TestNG.java:1049)
at org.testng.TestNG.run(TestNG.java:1017)
at org.testng.remote.AbstractRemoteTestNG.run(AbstractRemoteTestNG.java:114)
at org.testng.remote.RemoteTestNG.initAndRun(RemoteTestNG.java:251)
at org.testng.remote.RemoteTestNG.main(RemoteTestNG.java:77)
]]>
    </error>
  </testcase> <!-- shareclasses_id_rankings -->
</testsuite> <!-- com_edl_uat_api_testcases.TC0012_shareclasses_id_rankings -->
