<?xml version="1.0" encoding="UTF-8"?>
<!-- Generated by org.testng.reporters.JUnitReportReporter -->
<testsuite skipped="0" hostname="HYDVMIOAMMANRR1" name="com_edl_api_testcases.TC005_benchmark_id" tests="3" failures="0" timestamp="18 Nov 2019 07:58:05 GMT" time="3.070" errors="0">
  <testcase name="ExtractallData" time="3.059" classname="com_edl_api_testcases.TC005_benchmark_id"/>
  <testcase name="checkResponseBody" time="0.007" classname="com_edl_api_testcases.TC005_benchmark_id"/>
  <testcase name="checkStatusCode" time="0.004" classname="com_edl_api_testcases.TC005_benchmark_id"/>
</testsuite> <!-- com_edl_api_testcases.TC005_benchmark_id -->
