<?xml version="1.0" encoding="UTF-8"?>
<!-- Generated by org.testng.reporters.JUnitReportReporter -->
<testsuite skipped="0" hostname="HYDVMIOAMMANRR1" name="com_edl_uat_api_testcases.TC002_accounts_id_weightedholdings" tests="3" failures="0" timestamp="04 Dec 2019 15:03:28 GMT" time="0.014" errors="0">
  <testcase name="ExtractallData" time="0.004" classname="com_edl_uat_api_testcases.TC002_accounts_id_weightedholdings"/>
  <testcase name="checkResponseBody" time="0.000" classname="com_edl_uat_api_testcases.TC002_accounts_id_weightedholdings"/>
  <testcase name="checkStatusCode" time="0.010" classname="com_edl_uat_api_testcases.TC002_accounts_id_weightedholdings"/>
</testsuite> <!-- com_edl_uat_api_testcases.TC002_accounts_id_weightedholdings -->
