<?xml version="1.0" encoding="UTF-8"?>
<!-- Generated by org.testng.reporters.JUnitReportReporter -->
<testsuite skipped="0" hostname="HYDVMIOAMMANRR1" name="GET_Request5" tests="1" failures="0" timestamp="08 Nov 2019 06:54:23 GMT" time="3.703" errors="0">
  <testcase name="AutherizationTest" time="3.703" classname="GET_Request5"/>
</testsuite> <!-- GET_Request5 -->
