<?xml version="1.0" encoding="UTF-8"?>
<!-- Generated by org.testng.reporters.JUnitReportReporter -->
<testsuite skipped="0" hostname="HYDVMIOAMMANRR1" name="DataDrivenTesting.DataDriverTest_AddNewEmp" tests="6" failures="0" timestamp="11 Nov 2019 13:38:14 GMT" time="4.677" errors="0">
  <testcase name="postNewEmployess" time="0.376" classname="DataDrivenTesting.DataDriverTest_AddNewEmp"/>
  <testcase name="postNewEmployess" time="0.396" classname="DataDrivenTesting.DataDriverTest_AddNewEmp"/>
  <testcase name="postNewEmployess" time="0.406" classname="DataDrivenTesting.DataDriverTest_AddNewEmp"/>
  <testcase name="postNewEmployess" time="2.778" classname="DataDrivenTesting.DataDriverTest_AddNewEmp"/>
  <testcase name="postNewEmployess" time="0.364" classname="DataDrivenTesting.DataDriverTest_AddNewEmp"/>
  <testcase name="postNewEmployess" time="0.357" classname="DataDrivenTesting.DataDriverTest_AddNewEmp"/>
</testsuite> <!-- DataDrivenTesting.DataDriverTest_AddNewEmp -->
